{"numFailedTestSuites":0,"numFailedTests":0,"numPassedTestSuites":4,"numPassedTests":13,"numPendingTestSuites":0,"numPendingTests":0,"numRuntimeErrorTestSuites":0,"numTodoTests":0,"numTotalTestSuites":4,"numTotalTests":13,"openHandles":[],"snapshot":{"added":0,"didUpdate":false,"failure":false,"filesAdded":0,"filesRemoved":0,"filesRemovedList":[],"filesUnmatched":0,"filesUpdated":0,"matched":0,"total":0,"unchecked":0,"uncheckedKeysByFile":[],"unmatched":0,"updated":0},"startTime":1753729176751,"success":true,"testResults":[{"assertionResults":[{"ancestorTitles":["ScholarshipList"],"failureMessages":[],"fullName":"ScholarshipList renders all scholarships","location":null,"status":"passed","title":"renders all scholarships"},{"ancestorTitles":["ScholarshipList"],"failureMessages":[],"fullName":"ScholarshipList filters active scholarships","location":null,"status":"passed","title":"filters active scholarships"},{"ancestorTitles":["ScholarshipList"],"failureMessages":[],"fullName":"ScholarshipList shows empty state if no scholarships","location":null,"status":"passed","title":"shows empty state if no scholarships"}],"endTime":1753729181251,"message":"","name":"/home/coder/project/workspace/question_generation_service/solutions/4c4c35e6-877a-42c8-9301-162e7f89a2bf/reactapp/src/components/ScholarshipList.test.js","startTime":1753729178486,"status":"passed","summary":""},{"assertionResults":[{"ancestorTitles":["ApplicationList"],"failureMessages":[],"fullName":"ApplicationList renders all applications","location":null,"status":"passed","title":"renders all applications"},{"ancestorTitles":["ApplicationList"],"failureMessages":[],"fullName":"ApplicationList filters by status","location":null,"status":"passed","title":"filters by status"},{"ancestorTitles":["ApplicationList"],"failureMessages":[],"fullName":"ApplicationList shows empty state if no applications","location":null,"status":"passed","title":"shows empty state if no applications"}],"endTime":1753729181257,"message":"","name":"/home/coder/project/workspace/question_generation_service/solutions/4c4c35e6-877a-42c8-9301-162e7f89a2bf/reactapp/src/components/ApplicationList.test.js","startTime":1753729178343,"status":"passed","summary":""},{"assertionResults":[{"ancestorTitles":["ApplicationDetail"],"failureMessages":[],"fullName":"ApplicationDetail renders application information","location":null,"status":"passed","title":"renders application information"},{"ancestorTitles":["ApplicationDetail"],"failureMessages":[],"fullName":"ApplicationDetail authority can change status/leave comment","location":null,"status":"passed","title":"authority can change status/leave comment"},{"ancestorTitles":["ApplicationDetail"],"failureMessages":[],"fullName":"ApplicationDetail shows error when not found","location":null,"status":"passed","title":"shows error when not found"}],"endTime":1753729181350,"message":"","name":"/home/coder/project/workspace/question_generation_service/solutions/4c4c35e6-877a-42c8-9301-162e7f89a2bf/reactapp/src/components/ApplicationDetail.test.js","startTime":1753729178259,"status":"passed","summary":""},{"assertionResults":[{"ancestorTitles":["StudentForm"],"failureMessages":[],"fullName":"StudentForm renders all required fields","location":null,"status":"passed","title":"renders all required fields"},{"ancestorTitles":["StudentForm"],"failureMessages":[],"fullName":"StudentForm shows validation errors","location":null,"status":"passed","title":"shows validation errors"},{"ancestorTitles":["StudentForm"],"failureMessages":[],"fullName":"StudentForm shows API error message","location":null,"status":"passed","title":"shows API error message"},{"ancestorTitles":["StudentForm"],"failureMessages":[],"fullName":"StudentForm shows success message on registered","location":null,"status":"passed","title":"shows success message on registered"}],"endTime":1753729181362,"message":"","name":"/home/coder/project/workspace/question_generation_service/solutions/4c4c35e6-877a-42c8-9301-162e7f89a2bf/reactapp/src/components/StudentForm.test.js","startTime":1753729178447,"status":"passed","summary":""}],"wasInterrupted":false}